app/build/intermediates/manifest_merge_blame_file/debug/manifest-merger-blame-debug-report.txt
1<?xml version="1.0" encoding="utf-8"?>
2<manifest xmlns:android="http://schemas.android.com/apk/res/android"
3    package="com.example.ouluapp"
4    android:versionCode="1"
5    android:versionName="1.0" >
6
7    <uses-sdk
8        android:minSdkVersion="16"
8-->src\main\AndroidManifest.xml
9        android:targetSdkVersion="30" />
9-->src\main\AndroidManifest.xml
10
11    <uses-permission android:name="android.permission.ACCESS_FINE_LOCATION" />
11-->src\main\AndroidManifest.xml:4:5-78
11-->src\main\AndroidManifest.xml:4:22-76
12    <uses-permission android:name="android.permission.INTERNET" />
12-->src\main\AndroidManifest.xml:5:5-67
12-->src\main\AndroidManifest.xml:5:22-64
13    <uses-permission android:name="android.permission.ACCESS_NETWORK_STATE" />
13-->src\main\AndroidManifest.xml:6:5-80
13-->src\main\AndroidManifest.xml:6:22-76
14    <uses-permission android:name="android.permission.WRITE_EXTERNAL_STORAGE" />
14-->src\main\AndroidManifest.xml:7:5-81
14-->src\main\AndroidManifest.xml:7:22-78
15    <uses-permission android:name="android.permission.ACCESS_COARSE_LOCATION" />
15-->src\main\AndroidManifest.xml:8:5-80
15-->src\main\AndroidManifest.xml:8:22-78
16
17    <supports-screens
17-->[org.osmdroid:osmdroid-android:6.1.10] AndroidManifest.xml:11:5-14:40
18        android:anyDensity="true"
18-->[org.osmdroid:osmdroid-android:6.1.10] AndroidManifest.xml:12:9-34
19        android:largeScreens="true"
19-->[org.osmdroid:osmdroid-android:6.1.10] AndroidManifest.xml:13:9-36
20        android:normalScreens="true" />
20-->[org.osmdroid:osmdroid-android:6.1.10] AndroidManifest.xml:14:9-37
21
22    <uses-feature
22-->[org.osmdroid:osmdroid-android:6.1.10] AndroidManifest.xml:16:5-18:36
23        android:name="android.hardware.location.network"
23-->[org.osmdroid:osmdroid-android:6.1.10] AndroidManifest.xml:17:9-57
24        android:required="false" />
24-->[org.osmdroid:osmdroid-android:6.1.10] AndroidManifest.xml:18:9-33
25    <uses-feature
25-->[org.osmdroid:osmdroid-android:6.1.10] AndroidManifest.xml:19:5-21:36
26        android:name="android.hardware.location.gps"
26-->[org.osmdroid:osmdroid-android:6.1.10] AndroidManifest.xml:20:9-53
27        android:required="false" />
27-->[org.osmdroid:osmdroid-android:6.1.10] AndroidManifest.xml:21:9-33
28    <uses-feature
28-->[org.osmdroid:osmdroid-android:6.1.10] AndroidManifest.xml:22:5-24:36
29        android:name="android.hardware.telephony"
29-->[org.osmdroid:osmdroid-android:6.1.10] AndroidManifest.xml:23:9-50
30        android:required="false" />
30-->[org.osmdroid:osmdroid-android:6.1.10] AndroidManifest.xml:24:9-33
31    <uses-feature
31-->[org.osmdroid:osmdroid-android:6.1.10] AndroidManifest.xml:25:5-27:36
32        android:name="android.hardware.wifi"
32-->[org.osmdroid:osmdroid-android:6.1.10] AndroidManifest.xml:26:9-45
33        android:required="false" />
33-->[org.osmdroid:osmdroid-android:6.1.10] AndroidManifest.xml:27:9-33
34
35    <application
35-->src\main\AndroidManifest.xml:9:5-25:19
36        android:allowBackup="true"
36-->src\main\AndroidManifest.xml:10:9-35
37        android:appComponentFactory="androidx.core.app.CoreComponentFactory"
37-->[androidx.core:core:1.3.1] AndroidManifest.xml:24:18-86
38        android:debuggable="true"
39        android:icon="@mipmap/ic_launcher"
39-->src\main\AndroidManifest.xml:11:9-43
40        android:label="@string/app_name"
40-->src\main\AndroidManifest.xml:12:9-41
41        android:roundIcon="@mipmap/ic_launcher_round"
41-->src\main\AndroidManifest.xml:13:9-54
42        android:supportsRtl="true"
42-->src\main\AndroidManifest.xml:14:9-35
43        android:testOnly="true"
44        android:theme="@style/Theme.OuluApp" >
44-->src\main\AndroidManifest.xml:15:9-45
45        <activity android:name="com.example.ouluapp.MainActivity" >
45-->src\main\AndroidManifest.xml:16:9-22:20
45-->src\main\AndroidManifest.xml:16:19-47
46            <intent-filter>
46-->src\main\AndroidManifest.xml:17:13-21:29
47                <action android:name="android.intent.action.MAIN" />
47-->src\main\AndroidManifest.xml:18:17-69
47-->src\main\AndroidManifest.xml:18:25-66
48
49                <category android:name="android.intent.category.LAUNCHER" />
49-->src\main\AndroidManifest.xml:20:17-77
49-->src\main\AndroidManifest.xml:20:27-74
50            </intent-filter>
51        </activity>
52
53        <provider
53-->[com.squareup.picasso:picasso:2.71828] AndroidManifest.xml:8:9-11:40
54            android:name="com.squareup.picasso.PicassoProvider"
54-->[com.squareup.picasso:picasso:2.71828] AndroidManifest.xml:9:13-64
55            android:authorities="com.example.ouluapp.com.squareup.picasso"
55-->[com.squareup.picasso:picasso:2.71828] AndroidManifest.xml:10:13-72
56            android:exported="false" />
56-->[com.squareup.picasso:picasso:2.71828] AndroidManifest.xml:11:13-37
57    </application>
58
59</manifest>